# JRE version: Java(TM) SE Runtime Environment (13.0.2+8) (build 13.0.2+8)
# Java VM: Java HotSpot(TM) 64-Bit Server VM (13.0.2+8, mixed mode, sharing, tiered, compressed oops, g1 gc, windows-amd64)
Heap:
 garbage-first heap   total 157696K, used 66359K [0x0000000704000000, 0x0000000800000000)
  region size 1024K, 56 young (57344K), 11 survivors (11264K)
 Metaspace       used 33225K, capacity 34104K, committed 34176K, reserved 1079296K
  class space    used 4129K, capacity 4474K, committed 4480K, reserved 1048576K
GC Heap History (12 events):
Event: 1.145 GC heap before
{Heap before GC invocations=0 (full 0):
 garbage-first heap   total 258048K, used 24576K [0x0000000704000000, 0x0000000800000000)
  region size 1024K, 24 young (24576K), 0 survivors (0K)
 Metaspace       used 5002K, capacity 6861K, committed 6912K, reserved 1056768K
  class space    used 568K, capacity 754K, committed 768K, reserved 1048576K
}
Event: 1.157 GC heap after
{Heap after GC invocations=1 (full 0):
 garbage-first heap   total 258048K, used 7359K [0x0000000704000000, 0x0000000800000000)
  region size 1024K, 3 young (3072K), 3 survivors (3072K)
 Metaspace       used 5002K, capacity 6861K, committed 6912K, reserved 1056768K
  class space    used 568K, capacity 754K, committed 768K, reserved 1048576K
}
Event: 2.882 GC heap before
{Heap before GC invocations=1 (full 0):
 garbage-first heap   total 258048K, used 105663K [0x0000000704000000, 0x0000000800000000)
  region size 1024K, 99 young (101376K), 3 survivors (3072K)
 Metaspace       used 19911K, capacity 20530K, committed 20736K, reserved 1067008K
  class space    used 2480K, capacity 2725K, committed 2816K, reserved 1048576K
}
Event: 2.894 GC heap after
{Heap after GC invocations=2 (full 0):
 garbage-first heap   total 258048K, used 11792K [0x0000000704000000, 0x0000000800000000)
  region size 1024K, 8 young (8192K), 8 survivors (8192K)
 Metaspace       used 19911K, capacity 20530K, committed 20736K, reserved 1067008K
  class space    used 2480K, capacity 2725K, committed 2816K, reserved 1048576K
}
Event: 3.095 GC heap before
{Heap before GC invocations=2 (full 0):
 garbage-first heap   total 258048K, used 21008K [0x0000000704000000, 0x0000000800000000)
  region size 1024K, 18 young (18432K), 8 survivors (8192K)
 Metaspace       used 20626K, capacity 21209K, committed 21248K, reserved 1067008K
  class space    used 2567K, capacity 2802K, committed 2816K, reserved 1048576K
}
Event: 3.114 GC heap after
{Heap after GC invocations=3 (full 0):
 garbage-first heap   total 258048K, used 12519K [0x0000000704000000, 0x0000000800000000)
  region size 1024K, 6 young (6144K), 6 survivors (6144K)
 Metaspace       used 20626K, capacity 21209K, committed 21248K, reserved 1067008K
  class space    used 2567K, capacity 2802K, committed 2816K, reserved 1048576K
}
Event: 3.418 GC heap before
{Heap before GC invocations=4 (full 0):
 garbage-first heap   total 51200K, used 48359K [0x0000000704000000, 0x0000000800000000)
  region size 1024K, 42 young (43008K), 6 survivors (6144K)
 Metaspace       used 21014K, capacity 21594K, committed 21888K, reserved 1069056K
  class space    used 2614K, capacity 2842K, committed 2944K, reserved 1048576K
}
Event: 3.429 GC heap after
{Heap after GC invocations=5 (full 0):
 garbage-first heap   total 57344K, used 13079K [0x0000000704000000, 0x0000000800000000)
  region size 1024K, 6 young (6144K), 6 survivors (6144K)
 Metaspace       used 21014K, capacity 21594K, committed 21888K, reserved 1069056K
  class space    used 2614K, capacity 2842K, committed 2944K, reserved 1048576K
}
Event: 3.808 GC heap before
{Heap before GC invocations=5 (full 0):
 garbage-first heap   total 57344K, used 37655K [0x0000000704000000, 0x0000000800000000)
  region size 1024K, 31 young (31744K), 6 survivors (6144K)
 Metaspace       used 22155K, capacity 22809K, committed 23040K, reserved 1069056K
  class space    used 2764K, capacity 3007K, committed 3072K, reserved 1048576K
}
Event: 3.825 GC heap after
{Heap after GC invocations=6 (full 0):
 garbage-first heap   total 157696K, used 14261K [0x0000000704000000, 0x0000000800000000)
  region size 1024K, 3 young (3072K), 3 survivors (3072K)
 Metaspace       used 22155K, capacity 22809K, committed 23040K, reserved 1069056K
  class space    used 2764K, capacity 3007K, committed 3072K, reserved 1048576K
}
Event: 6.613 GC heap before
{Heap before GC invocations=6 (full 0):
 garbage-first heap   total 157696K, used 104373K [0x0000000704000000, 0x0000000800000000)
  region size 1024K, 92 young (94208K), 3 survivors (3072K)
 Metaspace       used 31391K, capacity 32281K, committed 32512K, reserved 1077248K
  class space    used 3920K, capacity 4273K, committed 4352K, reserved 1048576K
}
Event: 6.635 GC heap after
{Heap after GC invocations=7 (full 0):
 garbage-first heap   total 157696K, used 22327K [0x0000000704000000, 0x0000000800000000)
  region size 1024K, 11 young (11264K), 11 survivors (11264K)
 Metaspace       used 31391K, capacity 32281K, committed 32512K, reserved 1077248K
  class space    used 3920K, capacity 4273K, committed 4352K, reserved 1048576K
}

